<?xml version="1.0" encoding="UTF-8"?>
<testng-results skipped="1" failed="1" ignored="0" total="3" passed="1">
  <reporter-output>
  </reporter-output>
  <suite name="Suite" duration-ms="586" started-at="2020-05-05T15:10:59Z" finished-at="2020-05-05T15:11:00Z">
    <groups>
    </groups>
    <test name="Test" duration-ms="586" started-at="2020-05-05T15:10:59Z" finished-at="2020-05-05T15:11:00Z">
      <class name="ReportExample.ExtentReportExample">
        <test-method status="PASS" signature="startTest()[pri:0, instance:ReportExample.ExtentReportExample@55f3ddb1]" name="startTest" is-config="true" duration-ms="213" started-at="2020-05-05T20:40:59Z" finished-at="2020-05-05T20:41:00Z">
          <reporter-output>
          </reporter-output>
        </test-method> <!-- startTest -->
        <test-method status="FAIL" signature="failTest()[pri:0, instance:ReportExample.ExtentReportExample@55f3ddb1]" name="failTest" duration-ms="9" started-at="2020-05-05T20:41:00Z" finished-at="2020-05-05T20:41:00Z">
          <exception class="java.lang.AssertionError">
            <message>
              <![CDATA[expected [true] but found [false]]]>
            </message>
            <full-stacktrace>
              <![CDATA[java.lang.AssertionError: expected [true] but found [false]
	at org.testng.Assert.fail(Assert.java:94)
	at org.testng.Assert.failNotEquals(Assert.java:513)
	at org.testng.Assert.assertTrue(Assert.java:42)
	at org.testng.Assert.assertTrue(Assert.java:52)
	at ReportExample.ExtentReportExample.failTest(ExtentReportExample.java:60)
	at sun.reflect.NativeMethodAccessorImpl.invoke0(Native Method)
	at sun.reflect.NativeMethodAccessorImpl.invoke(NativeMethodAccessorImpl.java:62)
	at sun.reflect.DelegatingMethodAccessorImpl.invoke(DelegatingMethodAccessorImpl.java:43)
	at java.lang.reflect.Method.invoke(Method.java:498)
	at org.testng.internal.MethodInvocationHelper.invokeMethod(MethodInvocationHelper.java:104)
	at org.testng.internal.Invoker.invokeMethod(Invoker.java:645)
	at org.testng.internal.Invoker.invokeTestMethod(Invoker.java:851)
	at org.testng.internal.Invoker.invokeTestMethods(Invoker.java:1177)
	at org.testng.internal.TestMethodWorker.invokeTestMethods(TestMethodWorker.java:129)
	at org.testng.internal.TestMethodWorker.run(TestMethodWorker.java:112)
	at org.testng.TestRunner.privateRun(TestRunner.java:756)
	at org.testng.TestRunner.run(TestRunner.java:610)
	at org.testng.SuiteRunner.runTest(SuiteRunner.java:387)
	at org.testng.SuiteRunner.runSequentially(SuiteRunner.java:382)
	at org.testng.SuiteRunner.privateRun(SuiteRunner.java:340)
	at org.testng.SuiteRunner.run(SuiteRunner.java:289)
	at org.testng.SuiteRunnerWorker.runSuite(SuiteRunnerWorker.java:52)
	at org.testng.SuiteRunnerWorker.run(SuiteRunnerWorker.java:86)
	at org.testng.TestNG.runSuitesSequentially(TestNG.java:1293)
	at org.testng.TestNG.runSuitesLocally(TestNG.java:1218)
	at org.testng.TestNG.runSuites(TestNG.java:1133)
	at org.testng.TestNG.run(TestNG.java:1104)
	at org.testng.remote.AbstractRemoteTestNG.run(AbstractRemoteTestNG.java:132)
	at org.testng.remote.RemoteTestNG.initAndRun(RemoteTestNG.java:236)
	at org.testng.remote.RemoteTestNG.main(RemoteTestNG.java:81)
]]>
            </full-stacktrace>
          </exception> <!-- java.lang.AssertionError -->
          <reporter-output>
          </reporter-output>
        </test-method> <!-- failTest -->
        <test-method status="PASS" signature="captureStatus(org.testng.ITestResult)[pri:0, instance:ReportExample.ExtentReportExample@55f3ddb1]" name="captureStatus" is-config="true" duration-ms="6" started-at="2020-05-05T20:41:00Z" finished-at="2020-05-05T20:41:00Z">
          <params>
            <param index="0">
              <value>
                <![CDATA[[TestResult name=failTest status=FAILURE method=ExtentReportExample.failTest()[pri:0, instance:ReportExample.ExtentReportExample@55f3ddb1] output={null}]]]>
              </value>
            </param>
          </params>
          <reporter-output>
          </reporter-output>
        </test-method> <!-- captureStatus -->
        <test-method status="PASS" signature="passTest()[pri:0, instance:ReportExample.ExtentReportExample@55f3ddb1]" name="passTest" duration-ms="1" started-at="2020-05-05T20:41:00Z" finished-at="2020-05-05T20:41:00Z">
          <reporter-output>
          </reporter-output>
        </test-method> <!-- passTest -->
        <test-method status="PASS" signature="captureStatus(org.testng.ITestResult)[pri:0, instance:ReportExample.ExtentReportExample@55f3ddb1]" name="captureStatus" is-config="true" duration-ms="0" started-at="2020-05-05T20:41:00Z" finished-at="2020-05-05T20:41:00Z">
          <params>
            <param index="0">
              <value>
                <![CDATA[[TestResult name=passTest status=SUCCESS method=ExtentReportExample.passTest()[pri:0, instance:ReportExample.ExtentReportExample@55f3ddb1] output={null}]]]>
              </value>
            </param>
          </params>
          <reporter-output>
          </reporter-output>
        </test-method> <!-- captureStatus -->
        <test-method status="SKIP" signature="skipTest()[pri:0, instance:ReportExample.ExtentReportExample@55f3ddb1]" name="skipTest" duration-ms="1" started-at="2020-05-05T20:41:00Z" finished-at="2020-05-05T20:41:00Z">
          <exception class="org.testng.SkipException">
            <message>
              <![CDATA[Some reason]]>
            </message>
            <full-stacktrace>
              <![CDATA[org.testng.SkipException: Some reason
	at ReportExample.ExtentReportExample.skipTest(ExtentReportExample.java:66)
	at sun.reflect.NativeMethodAccessorImpl.invoke0(Native Method)
	at sun.reflect.NativeMethodAccessorImpl.invoke(NativeMethodAccessorImpl.java:62)
	at sun.reflect.DelegatingMethodAccessorImpl.invoke(DelegatingMethodAccessorImpl.java:43)
	at java.lang.reflect.Method.invoke(Method.java:498)
	at org.testng.internal.MethodInvocationHelper.invokeMethod(MethodInvocationHelper.java:104)
	at org.testng.internal.Invoker.invokeMethod(Invoker.java:645)
	at org.testng.internal.Invoker.invokeTestMethod(Invoker.java:851)
	at org.testng.internal.Invoker.invokeTestMethods(Invoker.java:1177)
	at org.testng.internal.TestMethodWorker.invokeTestMethods(TestMethodWorker.java:129)
	at org.testng.internal.TestMethodWorker.run(TestMethodWorker.java:112)
	at org.testng.TestRunner.privateRun(TestRunner.java:756)
	at org.testng.TestRunner.run(TestRunner.java:610)
	at org.testng.SuiteRunner.runTest(SuiteRunner.java:387)
	at org.testng.SuiteRunner.runSequentially(SuiteRunner.java:382)
	at org.testng.SuiteRunner.privateRun(SuiteRunner.java:340)
	at org.testng.SuiteRunner.run(SuiteRunner.java:289)
	at org.testng.SuiteRunnerWorker.runSuite(SuiteRunnerWorker.java:52)
	at org.testng.SuiteRunnerWorker.run(SuiteRunnerWorker.java:86)
	at org.testng.TestNG.runSuitesSequentially(TestNG.java:1293)
	at org.testng.TestNG.runSuitesLocally(TestNG.java:1218)
	at org.testng.TestNG.runSuites(TestNG.java:1133)
	at org.testng.TestNG.run(TestNG.java:1104)
	at org.testng.remote.AbstractRemoteTestNG.run(AbstractRemoteTestNG.java:132)
	at org.testng.remote.RemoteTestNG.initAndRun(RemoteTestNG.java:236)
	at org.testng.remote.RemoteTestNG.main(RemoteTestNG.java:81)
]]>
            </full-stacktrace>
          </exception> <!-- org.testng.SkipException -->
          <reporter-output>
          </reporter-output>
        </test-method> <!-- skipTest -->
        <test-method status="PASS" signature="captureStatus(org.testng.ITestResult)[pri:0, instance:ReportExample.ExtentReportExample@55f3ddb1]" name="captureStatus" is-config="true" duration-ms="0" started-at="2020-05-05T20:41:00Z" finished-at="2020-05-05T20:41:00Z">
          <params>
            <param index="0">
              <value>
                <![CDATA[[TestResult name=skipTest status=SKIP method=ExtentReportExample.skipTest()[pri:0, instance:ReportExample.ExtentReportExample@55f3ddb1] output={null}]]]>
              </value>
            </param>
          </params>
          <reporter-output>
          </reporter-output>
        </test-method> <!-- captureStatus -->
        <test-method status="PASS" signature="endTest()[pri:0, instance:ReportExample.ExtentReportExample@55f3ddb1]" name="endTest" is-config="true" duration-ms="333" started-at="2020-05-05T20:41:00Z" finished-at="2020-05-05T20:41:00Z">
          <reporter-output>
          </reporter-output>
        </test-method> <!-- endTest -->
      </class> <!-- ReportExample.ExtentReportExample -->
    </test> <!-- Test -->
  </suite> <!-- Suite -->
</testng-results>
